<?xml version="1.0" encoding="UTF-8"?>
<testng-results ignored="0" total="1" passed="1" failed="0" skipped="0">
  <reporter-output>
  </reporter-output>
  <suite started-at="2024-01-11T02:48:27 IST" name="Default suite" finished-at="2024-01-11T02:49:01 IST" duration-ms="33172">
    <groups>
    </groups>
    <test started-at="2024-01-11T02:48:27 IST" name="Default test" finished-at="2024-01-11T02:49:01 IST" duration-ms="33172">
      <class name="com.test.TC_LF_001">
        <test-method is-config="true" signature="browserSetup()[pri:0, instance:com.test.TC_LF_001@72cc7e6f]" started-at="2024-01-11T02:48:28 IST" name="browserSetup" finished-at="2024-01-11T02:48:36 IST" duration-ms="8776" status="PASS">
          <reporter-output>
          </reporter-output>
        </test-method> <!-- browserSetup -->
        <test-method signature="Login()[pri:1, instance:com.test.TC_LF_001@72cc7e6f]" started-at="2024-01-11T02:48:36 IST" name="Login" description="Login functionality" finished-at="2024-01-11T02:48:55 IST" duration-ms="18925" status="PASS">
          <reporter-output>
          </reporter-output>
        </test-method> <!-- Login -->
        <test-method is-config="true" signature="tearUp()[pri:0, instance:com.test.TC_LF_001@72cc7e6f]" started-at="2024-01-11T02:48:55 IST" name="tearUp" finished-at="2024-01-11T02:49:01 IST" duration-ms="5271" status="PASS">
          <reporter-output>
          </reporter-output>
        </test-method> <!-- tearUp -->
      </class> <!-- com.test.TC_LF_001 -->
    </test> <!-- Default test -->
  </suite> <!-- Default suite -->
</testng-results>
