<?xml version="1.0" encoding="UTF-8"?>
<testng-results ignored="0" total="1" passed="1" failed="0" skipped="0">
  <reporter-output>
  </reporter-output>
  <suite started-at="2024-01-17T16:24:00 IST" name="Default suite" finished-at="2024-01-17T16:24:24 IST" duration-ms="24068">
    <groups>
    </groups>
    <test started-at="2024-01-17T16:24:00 IST" name="Default test" finished-at="2024-01-17T16:24:24 IST" duration-ms="24068">
      <class name="com.test.TC_RF_001">
        <test-method is-config="true" signature="browserSetup()[pri:0, instance:com.test.TC_RF_001@55795845]" started-at="2024-01-17T16:24:00 IST" name="browserSetup" finished-at="2024-01-17T16:24:07 IST" duration-ms="6272" status="PASS">
          <reporter-output>
          </reporter-output>
        </test-method> <!-- browserSetup -->
        <test-method signature="register()[pri:1, instance:com.test.TC_RF_001@55795845]" started-at="2024-01-17T16:24:07 IST" name="register" description="Register functionlity" finished-at="2024-01-17T16:24:20 IST" duration-ms="13766" status="PASS">
          <reporter-output>
          </reporter-output>
        </test-method> <!-- register -->
        <test-method is-config="true" signature="tearUp()[pri:0, instance:com.test.TC_RF_001@55795845]" started-at="2024-01-17T16:24:20 IST" name="tearUp" finished-at="2024-01-17T16:24:24 IST" duration-ms="3842" status="PASS">
          <reporter-output>
          </reporter-output>
        </test-method> <!-- tearUp -->
      </class> <!-- com.test.TC_RF_001 -->
    </test> <!-- Default test -->
  </suite> <!-- Default suite -->
</testng-results>
